039490;	0	0	0	0	0	0	0	0	0	0
004310;	0	0	0	0	0	0	0	0	0	0
065450;	0	0	0	0	0	0	0	0	0	0
008040;	0	0	0	0	0	0	0	0	0	0
005110;	0	0	0	0	0	0	0	0	0	0
025980;	0	0	0	0	0	0	0	0	0	0
054780;	0	0	0	0	0	0	0	0	0	0
020560;	0	0	0	0	0	0	0	0	0	0
054300;	0	0	0	0	0	0	0	0	0	0
298690;	0	0	0	0	0	0	0	0	0	0
007460;	0	0	0	0	0	0	0	0	0	0
900100;	0	0	0	0	0	0	0	0	0	0
090710;	0	0	0	0	0	0	0	0	0	0
005860;	0	0	0	0	0	0	0	0	0	0
058820;	0	0	0	0	0	0	0	0	0	0
111870;	0	0	0	0	0	0	0	0	0	0
104480;	0	0	0	0	0	0	0	0	0	0
246710;	0	0	0	0	0	0	0	0	0	0
158310;	0	0	0	0	0	0	0	0	0	0
089970;	0	0	0	0	0	0	0	0	0	0
128820;	0	0	0	0	0	0	0	0	0	0
008350;	0	0	0	0	0	0	0	0	0	0
025870;	0	0	0	0	0	0	0	0	0	0
006890;	0	0	0	0	0	0	0	0	0	0
033250;	0	0	0	0	0	0	0	0	0	0
950160;	0	0	0	0	0	0	0	0	0	0
056700;	0	0	0	0	0	0	0	0	0	0
073560;	0	0	0	0	0	0	0	0	0	0
009460;	0	0	0	0	0	0	0	0	0	0
060480;	0	0	0	0	0	0	0	0	0	0
123410;	0	0	0	0	0	0	0	0	0	0
230240;	0	0	0	0	0	0	0	0	0	0
060150;	0	0	0	0	0	0	0	0	0	0
057030;	0	0	0	0	0	0	0	0	0	0
033830;	0	0	0	0	0	0	0	0	0	0
047310;	0	0	0	0	0	0	0	0	0	0
179290;	0	0	0	0	0	0	0	0	0	0
091700;	0	0	0	0	0	0	0	0	0	0
002760;	0	0	0	0	0	0	0	0	0	0
263690;	0	0	0	0	0	0	0	0	0	0
215100;	0	0	0	0	0	0	0	0	0	0
033290;	0	0	0	0	0	0	0	0	0	0
067990;	0	0	0	0	0	0	0	0	0	0
043260;	0	0	0	0	0	0	0	0	0	0
900270;	0	0	0	0	0	0	0	0	0	0
150840;	0	0	0	0	0	0	0	0	0	0
267790;	0	0	0	0	0	0	0	0	0	0
052600;	0	0	0	0	0	0	0	0	0	0
064240;	0	0	0	0	0	0	0	0	0	0
006980;	0	0	0	0	0	0	0	0	0	0
024740;	0	0	0	0	0	0	0	0	0	0
053590;	0	0	0	0	0	0	0	0	0	0
065440;	0	0	0	0	0	0	0	0	0	0
900250;	0	0	0	0	0	0	0	0	0	0
178780;	0	0	0	0	0	0	0	0	0	0
032800;	0	0	0	0	0	0	0	0	0	0
067570;	0	0	0	0	0	0	0	0	0	0
097780;	0	0	0	0	0	0	0	0	0	0
111710;	0	0	0	0	0	0	0	0	0	0
193250;	0	0	0	0	0	0	0	0	0	0
065130;	0	0	0	0	0	0	0	0	0	0
222810;	0	0	0	0	0	0	0	0	0	0
058610;	0	0	0	0	0	0	0	0	0	0
026890;	0	0	0	0	0	0	0	0	0	0
205100;	0	0	0	0	0	0	0	0	0	0
900340;	0	0	0	0	0	0	0	0	0	0
900260;	0	0	0	0	0	0	0	0	0	0
041190;	0	0	0	0	0	0	0	0	0	0
000890;	0	0	0	0	0	0	0	0	0	0
114570;	0	0	0	0	0	0	0	0	0	0
100590;	0	0	0	0	0	0	0	0	0	0
029960;	0	0	0	0	0	0	0	0	0	0
012610;	0	0	0	0	0	0	0	0	0	0
038620;	0	0	0	0	0	0	0	0	0	0
900280;	0	0	0	0	0	0	0	0	0	0
057880;	0	0	0	0	0	0	0	0	0	0
900310;	0	0	0	0	0	0	0	0	0	0
009320;	0	0	0	0	0	0	0	0	0	0
064090;	0	0	0	0	0	0	0	0	0	0
010170;	0	0	0	0	0	0	0	0	0	0
050890;	0	0	0	0	0	0	0	0	0	0
002700;	0	0	0	0	0	0	0	0	0	0
015890;	0	0	0	0	0	0	0	0	0	0
900300;	0	0	0	0	0	0	0	0	0	0
082210;	0	0	0	0	0	0	0	0	0	0
102280;	0	0	0	0	0	0	0	0	0	0
014470;	0	0	0	0	0	0	0	0	0	0
058530;	0	0	0	0	0	0	0	0	0	0
050960;	0	0	0	0	0	0	0	0	0	0
050110;	0	0	0	0	0	0	0	0	0	0
052420;	0	0	0	0	0	0	0	0	0	0
256630;	0	0	0	0	0	0	0	0	0	0
095190;	0	0	0	0	0	0	0	0	0	0
126700;	0	0	0	0	0	0	0	0	0	0
239340;	0	0	0	0	0	0	0	0	0	0
219550;	0	0	0	0	0	0	0	0	0	0
047920;	0	0	0	0	0	0	0	0	0	0
018620;	0	0	0	0	0	0	0	0	0	0
052670;	0	0	0	0	0	0	0	0	0	0
051160;	0	0	0	0	0	0	0	0	0	0
005070;	0	0	0	0	0	0	0	0	0	0
011280;	0	0	0	0	0	0	0	0	0	0
126870;	0	0	0	0	0	0	0	0	0	0
057540;	0	0	0	0	0	0	0	0	0	0
139050;	0	0	0	0	0	0	0	0	0	0
214150;	0	0	0	0	0	0	0	0	0	0
009680;	0	0	0	0	0	0	0	0	0	0
008060;	0	0	0	0	0	0	0	0	0	0
028040;	0	0	0	0	0	0	0	0	0	0
217620;	0	0	0	0	0	0	0	0	0	0
023600;	0	0	0	0	0	0	0	0	0	0
018880;	0	0	0	0	0	0	0	0	0	0
033110;	0	0	0	0	0	0	0	0	0	0
045890;	0	0	0	0	0	0	0	0	0	0
002360;	0	0	0	0	0	0	0	0	0	0
072520;	0	0	0	0	0	0	0	0	0	0
208640;	0	0	0	0	0	0	0	0	0	0
002990;	0	0	0	0	0	0	0	0	0	0
060250;	0	0	0	0	0	0	0	0	0	0
085670;	0	0	0	0	0	0	0	0	0	0
060560;	0	0	0	0	0	0	0	0	0	0
007630;	0	0	0	0	0	0	0	0	0	0
027360;	0	0	0	0	0	0	0	0	0	0
005290;	0	0	0	0	0	0	0	0	0	0
110990;	0	0	0	0	0	0	0	0	0	0
084370;	0	0	0	0	0	0	0	0	0	0
016740;	0	0	0	0	0	0	0	0	0	0
010690;	0	0	0	0	0	0	0	0	0	0
220630;	0	0	0	0	0	0	0	0	0	0
036810;	0	0	0	0	0	0	0	0	0	0
100790;	0	0	0	0	0	0	0	0	0	0
091810;	0	0	0	0	0	0	0	0	0	0
005940;	0	0	0	0	0	0	0	0	0	0
004870;	0	0	0	0	0	0	0	0	0	0
066410;	0	0	0	0	0	0	0	0	0	0
078650;	0	0	0	0	0	0	0	0	0	0
117670;	0	0	0	0	0	0	0	0	0	0
039230;	0	0	0	0	0	0	0	0	0	0
036200;	0	0	0	0	0	0	0	0	0	0
046120;	0	0	0	0	0	0	0	0	0	0
214870;	0	0	0	0	0	0	0	0	0	0
226340;	0	0	0	0	0	0	0	0	0	0
170030;	0	0	0	0	0	0	0	0	0	0
088800;	0	0	0	0	0	0	0	0	0	0
059120;	0	0	0	0	0	0	0	0	0	0
018000;	0	0	0	0	0	0	0	0	0	0
019210;	0	0	0	0	0	0	0	0	0	0
032350;	0	0	0	0	0	0	0	0	0	0
065770;	0	0	0	0	0	0	0	0	0	0
067390;	0	0	0	0	0	0	0	0	0	0
226440;	0	0	0	0	0	0	0	0	0	0
032680;	0	0	0	0	0	0	0	0	0	0
053660;	0	0	0	0	0	0	0	0	0	0
043220;	0	0	0	0	0	0	0	0	0	0
036180;	0	0	0	0	0	0	0	0	0	0
042040;	0	0	0	0	0	0	0	0	0	0
182360;	0	0	0	0	0	0	0	0	0	0
009730;	0	0	0	0	0	0	0	0	0	0
097800;	0	0	0	0	0	0	0	0	0	0
002150;	0	0	0	0	0	0	0	0	0	0
089230;	0	0	0	0	0	0	0	0	0	0
090150;	0	0	0	0	0	0	0	0	0	0
049080;	0	0	0	0	0	0	0	0	0	0
226350;	0	0	0	0	0	0	0	0	0	0
094360;	0	0	0	0	0	0	0	0	0	0
087260;	0	0	0	0	0	0	0	0	0	0
082800;	0	0	0	0	0	0	0	0	0	0
090370;	0	0	0	0	0	0	0	0	0	0
004140;	0	0	0	0	0	0	0	0	0	0
045390;	0	0	0	0	0	0	0	0	0	0
053270;	0	0	0	0	0	0	0	0	0	0
031820;	0	0	0	0	0	0	0	0	0	0
161570;	0	0	0	0	0	0	0	0	0	0
033180;	0	0	0	0	0	0	0	0	0	0
277410;	0	0	0	0	0	0	0	0	0	0
245620;	0	0	0	0	0	0	0	0	0	0
065530;	0	0	0	0	0	0	0	0	0	0
080440;	0	0	0	0	0	0	0	0	0	0
099440;	0	0	0	0	0	0	0	0	0	0
035620;	0	0	0	0	0	0	0	0	0	0
215480;	0	0	0	0	0	0	0	0	0	0
066130;	0	0	0	0	0	0	0	0	0	0
002100;	0	0	0	0	0	0	0	0	0	0
109740;	0	0	0	0	0	0	0	0	0	0
041930;	0	0	0	0	0	0	0	0	0	0
002710;	0	0	0	0	0	0	0	0	0	0
049180;	0	0	0	0	0	0	0	0	0	0
002450;	0	0	0	0	0	0	0	0	0	0
091590;	0	0	0	0	0	0	0	0	0	0
013310;	0	0	0	0	0	0	0	0	0	0
065950;	0	0	0	0	0	0	0	0	0	0
197210;	0	0	0	0	0	0	0	0	0	0
123040;	0	0	0	0	0	0	0	0	0	0
041020;	0	0	0	0	0	0	0	0	0	0
052900;	0	0	0	0	0	0	0	0	0	0
099220;	0	0	0	0	0	0	0	0	0	0
226360;	0	0	0	0	0	0	0	0	0	0
101140;	0	0	0	0	0	0	0	0	0	0
215090;	0	0	0	0	0	0	0	0	0	0
219750;	0	0	0	0	0	0	0	0	0	0
050760;	0	0	0	0	0	0	0	0	0	0
066900;	0	0	0	0	0	0	0	0	0	0
154030;	0	0	0	0	0	0	0	0	0	0
009270;	0	0	0	0	0	0	0	0	0	0
006050;	0	0	0	0	0	0	0	0	0	0
003560;	0	0	0	0	0	0	0	0	0	0
086060;	0	0	0	0	0	0	0	0	0	0
125210;	0	0	0	0	0	0	0	0	0	0
049630;	0	0	0	0	0	0	0	0	0	0
208370;	0	0	0	0	0	0	0	0	0	0
064800;	0	0	0	0	0	0	0	0	0	0
030350;	0	0	0	0	0	0	0	0	0	0
110020;	0	0	0	0	0	0	0	0	0	0
088290;	0	0	0	0	0	0	0	0	0	0
053110;	0	0	0	0	0	0	0	0	0	0
017180;	0	0	0	0	0	0	0	0	0	0
036120;	0	0	0	0	0	0	0	0	0	0
106240;	0	0	0	0	0	0	0	0	0	0
035600;	0	0	0	0	0	0	0	0	0	0
214680;	0	0	0	0	0	0	0	0	0	0
217190;	0	0	0	0	0	0	0	0	0	0
089010;	0	0	0	0	0	0	0	0	0	0
123570;	0	0	0	0	0	0	0	0	0	0
012160;	0	0	0	0	0	0	0	0	0	0
187790;	0	0	0	0	0	0	0	0	0	0
126880;	0	0	0	0	0	0	0	0	0	0
214270;	0	0	0	0	0	0	0	0	0	0
030790;	0	0	0	0	0	0	0	0	0	0
153710;	0	0	0	0	0	0	0	0	0	0
044960;	0	0	0	0	0	0	0	0	0	0
043200;	0	0	0	0	0	0	0	0	0	0
061970;	0	0	0	0	0	0	0	0	0	0
048410;	0	0	0	0	0	0	0	0	0	0
102120;	0	0	0	0	0	0	0	0	0	0
007110;	0	0	0	0	0	0	0	0	0	0
035810;	0	0	0	0	0	0	0	0	0	0
039740;	0	0	0	0	0	0	0	0	0	0
014580;	0	0	0	0	0	0	0	0	0	0
136480;	0	0	0	0	0	0	0	0	0	0
054630;	0	0	0	0	0	0	0	0	0	0
078150;	0	0	0	0	0	0	0	0	0	0
072130;	0	0	0	0	0	0	0	0	0	0
208140;	0	0	0	0	0	0	0	0	0	0
101390;	0	0	0	0	0	0	0	0	0	0
141020;	0	0	0	0	0	0	0	0	0	0
078130;	0	0	0	0	0	0	0	0	0	0
071950;	0	0	0	0	0	0	0	0	0	0
151860;	0	0	0	0	0	0	0	0	0	0
003310;	0	0	0	0	0	0	0	0	0	0
032790;	0	0	0	0	0	0	0	0	0	0
238120;	0	0	0	0	0	0	0	0	0	0
218150;	0	0	0	0	0	0	0	0	0	0
182690;	0	0	0	0	0	0	0	0	0	0
168330;	0	0	0	0	0	0	0	0	0	0
096610;	0	0	0	0	0	0	0	0	0	0
047820;	0	0	0	0	0	0	0	0	0	0
032640;	0	0	0	0	0	0	0	0	0	0
044480;	0	0	0	0	0	0	0	0	0	0
019170;	0	0	0	0	0	0	0	0	0	0
005690;	0	0	0	0	0	0	0	0	0	0
130740;	0	0	0	0	0	0	0	0	0	0
217330;	0	0	0	0	0	0	0	0	0	0
006490;	0	0	0	0	0	0	0	0	0	0
014160;	0	0	0	0	0	0	0	0	0	0
046390;	0	0	0	0	0	0	0	0	0	0
206650;	0	0	0	0	0	0	0	0	0	0
136540;	0	0	0	0	0	0	0	0	0	0
039670;	0	0	0	0	0	0	0	0	0	0
074430;	0	0	0	0	0	0	0	0	0	0
053980;	0	0	0	0	0	0	0	0	0	0
028050;	0	0	0	0	0	0	0	0	0	0
035460;	0	0	0	0	0	0	0	0	0	0
316140;	0	0	0	0	0	0	0	0	0	0
024060;	0	0	0	0	0	0	0	0	0	0
060570;	0	0	0	0	0	0	0	0	0	0
051360;	0	0	0	0	0	0	0	0	0	0
041140;	0	0	0	0	0	0	0	0	0	0
084650;	0	0	0	0	0	0	0	0	0	0
027580;	0	0	0	0	0	0	0	0	0	0
051980;	0	0	0	0	0	0	0	0	0	0
080520;	0	0	0	0	0	0	0	0	0	0
091120;	0	0	0	0	0	0	0	0	0	0
053030;	0	0	0	0	0	0	0	0	0	0
000990;	0	0	0	0	0	0	0	0	0	0
025750;	0	0	0	0	0	0	0	0	0	0
250060;	0	0	0	0	0	0	0	0	0	0
089030;	0	0	0	0	0	0	0	0	0	0
007390;	0	0	0	0	0	0	0	0	0	0
049480;	0	0	0	0	0	0	0	0	0	0
027830;	0	0	0	0	0	0	0	0	0	0
089150;	0	0	0	0	0	0	0	0	0	0
225430;	0	0	0	0	0	0	0	0	0	0
192250;	0	0	0	0	0	0	0	0	0	0
027040;	0	0	0	0	0	0	0	0	0	0
121800;	0	0	0	0	0	0	0	0	0	0
012600;	0	0	0	0	0	0	0	0	0	0
021080;	0	0	0	0	0	0	0	0	0	0
025620;	0	0	0	0	0	0	0	0	0	0
063570;	0	0	0	0	0	0	0	0	0	0
036090;	0	0	0	0	0	0	0	0	0	0
060300;	0	0	0	0	0	0	0	0	0	0
021040;	0	0	0	0	0	0	0	0	0	0
040350;	0	0	0	0	0	0	0	0	0	0
065060;	0	0	0	0	0	0	0	0	0	0
037330;	0	0	0	0	0	0	0	0	0	0
034230;	0	0	0	0	0	0	0	0	0	0
067730;	0	0	0	0	0	0	0	0	0	0
016100;	0	0	0	0	0	0	0	0	0	0
011090;	0	0	0	0	0	0	0	0	0	0
131090;	0	0	0	0	0	0	0	0	0	0
036620;	0	0	0	0	0	0	0	0	0	0
196490;	0	0	0	0	0	0	0	0	0	0
078520;	0	0	0	0	0	0	0	0	0	0
000680;	0	0	0	0	0	0	0	0	0	0
004770;	0	0	0	0	0	0	0	0	0	0
042940;	0	0	0	0	0	0	0	0	0	0
005420;	0	0	0	0	0	0	0	0	0	0
042510;	0	0	0	0	0	0	0	0	0	0
023440;	0	0	0	0	0	0	0	0	0	0
073540;	0	0	0	0	0	0	0	0	0	0
205470;	0	0	0	0	0	0	0	0	0	0
089790;	0	0	0	0	0	0	0	0	0	0
051370;	0	0	0	0	0	0	0	0	0	0
088980;	0	0	0	0	0	0	0	0	0	0
160980;	0	0	0	0	0	0	0	0	0	0
192650;	0	0	0	0	0	0	0	0	0	0
122990;	0	0	0	0	0	0	0	0	0	0
225570;	0	0	0	0	0	0	0	0	0	0
215380;	0	0	0	0	0	0	0	0	0	0
001210;	0	0	0	0	0	0	0	0	0	0
072950;	0	0	0	0	0	0	0	0	0	0
036930;	0	0	0	0	0	0	0	0	0	0
177830;	0	0	0	0	0	0	0	0	0	0
108490;	0	0	0	0	0	0	0	0	0	0
098120;	0	0	0	0	0	0	0	0	0	0
095610;	0	0	0	0	0	0	0	0	0	0
108230;	0	0	0	0	0	0	0	0	0	0
950130;	0	0	0	0	0	0	0	0	0	0
115160;	0	0	0	0	0	0	0	0	0	0
036540;	0	0	0	0	0	0	0	0	0	0
016380;	0	0	0	0	0	0	0	0	0	0
002720;	0	0	0	0	0	0	0	0	0	0
095720;	0	0	0	0	0	0	0	0	0	0
002800;	0	0	0	0	0	0	0	0	0	0
031860;	0	0	0	0	0	0	0	0	0	0
036260;	0	0	0	0	0	0	0	0	0	0
241790;	0	0	0	0	0	0	0	0	0	0
200470;	0	0	0	0	0	0	0	0	0	0
022100;	0	0	0	0	0	0	0	0	0	0
007720;	0	0	0	0	0	0	0	0	0	0
007280;	0	0	0	0	0	0	0	0	0	0
011930;	0	0	0	0	0	0	0	0	0	0
114120;	0	0	0	0	0	0	0	0	0	0
039440;	0	0	0	0	0	0	0	0	0	0
217500;	0	0	0	0	0	0	0	0	0	0
017900;	0	0	0	0	0	0	0	0	0	0
037230;	0	0	0	0	0	0	0	0	0	0
008970;	0	0	0	0	0	0	0	0	0	0
023410;	0	0	0	0	0	0	0	0	0	0
119650;	0	0	0	0	0	0	0	0	0	0
181340;	0	0	0	0	0	0	0	0	0	0
003060;	0	0	0	0	0	0	0	0	0	0
078890;	0	0	0	0	0	0	0	0	0	0
141000;	0	0	0	0	0	0	0	0	0	0
011330;	0	0	0	0	0	0	0	0	0	0
227950;	0	0	0	0	0	0	0	0	0	0
010600;	0	0	0	0	0	0	0	0	0	0
006060;	0	0	0	0	0	0	0	0	0	0
002880;	0	0	0	0	0	0	0	0	0	0
142760;	0	0	0	0	0	0	0	0	0	0
109960;	0	0	0	0	0	0	0	0	0	0
142210;	0	0	0	0	0	0	0	0	0	0
008420;	0	0	0	0	0	0	0	0	0	0
095340;	0	0	0	0	0	0	0	0	0	0
241590;	0	0	0	0	0	0	0	0	0	0
001840;	0	0	0	0	0	0	0	0	0	0
043910;	0	0	0	0	0	0	0	0	0	0
196700;	0	0	0	0	0	0	0	0	0	0
083640;	0	0	0	0	0	0	0	0	0	0
131180;	0	0	0	0	0	0	0	0	0	0
014970;	0	0	0	0	0	0	0	0	0	0
035890;	0	0	0	0	0	0	0	0	0	0
140520;	0	0	0	0	0	0	0	0	0	0
081150;	0	0	0	0	0	0	0	0	0	0
070960;	0	0	0	0	0	0	0	0	0	0
010040;	0	0	0	0	0	0	0	0	0	0
032820;	0	0	0	0	0	0	0	0	0	0
009520;	0	0	0	0	0	0	0	0	0	0
101670;	0	0	0	0	0	0	0	0	0	0
166480;	0	0	0	0	0	0	0	0	0	0
005740;	0	0	0	0	0	0	0	0	0	0
078140;	0	0	0	0	0	0	0	0	0	0
002900;	0	0	0	0	0	0	0	0	0	0
067630;	0	0	0	0	0	0	0	0	0	0
143540;	0	0	0	0	0	0	0	0	0	0
064550;	0	0	0	0	0	0	0	0	0	0
016670;	0	0	0	0	0	0	0	0	0	0
003850;	0	0	0	0	0	0	0	0	0	0
012280;	0	0	0	0	0	0	0	0	0	0
001440;	0	0	0	0	0	0	0	0	0	0
204620;	0	0	0	0	0	0	0	0	0	0
042110;	0	0	0	0	0	0	0	0	0	0
003780;	0	0	0	0	0	0	0	0	0	0
090080;	0	0	0	0	0	0	0	0	0	0
127120;	0	0	0	0	0	0	0	0	0	0
208350;	0	0	0	0	0	0	0	0	0	0
090410;	0	0	0	0	0	0	0	0	0	0
042670;	0	0	0	0	0	0	0	0	0	0
024110;	0	0	0	0	0	0	0	0	0	0
104040;	0	0	0	0	0	0	0	0	0	0
073070;	0	0	0	0	0	0	0	0	0	0
113810;	0	0	0	0	0	0	0	0	0	0
105740;	0	0	0	0	0	0	0	0	0	0
038880;	0	0	0	0	0	0	0	0	0	0
208710;	0	0	0	0	0	0	0	0	0	0
109820;	0	0	0	0	0	0	0	0	0	0
217600;	0	0	0	0	0	0	0	0	0	0
018290;	0	0	0	0	0	0	0	0	0	0
213500;	0	0	0	0	0	0	0	0	0	0
033050;	0	0	0	0	0	0	0	0	0	0
127160;	0	0	0	0	0	0	0	0	0	0
043340;	0	0	0	0	0	0	0	0	0	0
061040;	0	0	0	0	0	0	0	0	0	0
004380;	0	0	0	0	0	0	0	0	0	0
056080;	0	0	0	0	0	0	0	0	0	0
011560;	0	0	0	0	0	0	0	0	0	0
170920;	0	0	0	0	0	0	0	0	0	0
024880;	0	0	0	0	0	0	0	0	0	0
060260;	0	0	0	0	0	0	0	0	0	0
269620;	0	0	0	0	0	0	0	0	0	0
057680;	0	0	0	0	0	0	0	0	0	0
051390;	0	0	0	0	0	0	0	0	0	0
095570;	0	0	0	0	0	0	0	0	0	0
105840;	0	0	0	0	0	0	0	0	0	0
233740;	0	0	0	0	0	0	0	0	0	0
198440;	0	0	0	0	0	0	0	0	0	0
014990;	0	0	0	0	0	0	0	0	0	0
072770;	0	0	0	0	0	0	0	0	0	0
011320;	0	0	0	0	0	0	0	0	0	0
007660;	0	0	0	0	0	0	0	0	0	0
033170;	0	0	0	0	0	0	0	0	0	0
200230;	0	0	0	0	0	0	0	0	0	0
068240;	0	0	0	0	0	0	0	0	0	0
009070;	0	0	0	0	0	0	0	0	0	0
166090;	0	0	0	0	0	0	0	0	0	0
037070;	0	0	0	0	0	0	0	0	0	0
122640;	0	0	0	0	0	0	0	0	0	0
008470;	0	0	0	0	0	0	0	0	0	0
010660;	0	0	0	0	0	0	0	0	0	0
009620;	0	0	0	0	0	0	0	0	0	0
214310;	0	0	0	0	0	0	0	0	0	0
065650;	0	0	0	0	0	0	0	0	0	0
004060;	0	0	0	0	0	0	0	0	0	0
052220;	0	0	0	0	0	0	0	0	0	0
058400;	0	0	0	0	0	0	0	0	0	0
040300;	0	0	0	0	0	0	0	0	0	0
064260;	0	0	0	0	0	0	0	0	0	0
054940;	0	0	0	0	0	0	0	0	0	0
290270;	0	0	0	0	0	0	0	0	0	0
015590;	0	0	0	0	0	0	0	0	0	0
323230;	0	0	0	0	0	0	0	0	0	0
000970;	0	0	0	0	0	0	0	0	0	0
019540;	0	0	0	0	0	0	0	0	0	0
323940;	0	0	0	0	0	0	0	0	0	0
047400;	0	0	0	0	0	0	0	0	0	0
005320;	0	0	0	0	0	0	0	0	0	0
004270;	0	0	0	0	0	0	0	0	0	0
012800;	0	0	0	0	0	0	0	0	0	0
023770;	0	0	0	0	0	0	0	0	0	0
203650;	0	0	0	0	0	0	0	0	0	0
007860;	0	0	0	0	0	0	0	0	0	0
222080;	0	0	0	0	0	0	0	0	0	0
219420;	0	0	0	0	0	0	0	0	0	0
177350;	0	0	0	0	0	0	0	0	0	0
074610;	0	0	0	0	0	0	0	0	0	0
040610;	0	0	0	0	0	0	0	0	0	0
099350;	0	0	0	0	0	0	0	0	0	0
073110;	0	0	0	0	0	0	0	0	0	0
000910;	0	0	0	0	0	0	0	0	0	0
085810;	0	0	0	0	0	0	0	0	0	0
001380;	0	0	0	0	0	0	0	0	0	0
003580;	0	0	0	0	0	0	0	0	0	0
004830;	0	0	0	0	0	0	0	0	0	0
004835;	0	0	0	0	0	0	0	0	0	0
005960;	0	0	0	0	0	0	0	0	0	0
067900;	0	0	0	0	0	0	0	0	0	0
281820;	0	0	0	0	0	0	0	0	0	0
004540;	0	0	0	0	0	0	0	0	0	0
207760;	0	0	0	0	0	0	0	0	0	0
054210;	0	0	0	0	0	0	0	0	0	0
131370;	0	0	0	0	0	0	0	0	0	0
086390;	0	0	0	0	0	0	0	0	0	0
009810;	0	0	0	0	0	0	0	0	0	0
029480;	0	0	0	0	0	0	0	0	0	0
228340;	0	0	0	0	0	0	0	0	0	0
039560;	0	0	0	0	0	0	0	0	0	0
064820;	0	0	0	0	0	0	0	0	0	0
051630;	0	0	0	0	0	0	0	0	0	0
069460;	0	0	0	0	0	0	0	0	0	0
071460;	0	0	0	0	0	0	0	0	0	0
067170;	0	0	0	0	0	0	0	0	0	0
060370;	0	0	0	0	0	0	0	0	0	0
004545;	0	0	0	0	0	0	0	0	0	0
078020;	0	0	0	0	0	0	0	0	0	0
323280;	0	0	0	0	0	0	0	0	0	0
021050;	0	0	0	0	0	0	0	0	0	0
025440;	0	0	0	0	0	0	0	0	0	0
038160;	0	0	0	0	0	0	0	0	0	0
010420;	0	0	0	0	0	0	0	0	0	0
033320;	0	0	0	0	0	0	0	0	0	0
002780;	0	0	0	0	0	0	0	0	0	0
002140;	0	0	0	0	0	0	0	0	0	0
092220;	0	0	0	0	0	0	0	0	0	0
048430;	0	0	0	0	0	0	0	0	0	0
058630;	0	0	0	0	0	0	0	0	0	0
001140;	0	0	0	0	0	0	0	0	0	0
003680;	0	0	0	0	0	0	0	0	0	0
031330;	0	0	0	0	0	0	0	0	0	0
059090;	0	0	0	0	0	0	0	0	0	0
009290;	0	0	0	0	0	0	0	0	0	0
027740;	0	0	0	0	0	0	0	0	0	0
039420;	0	0	0	0	0	0	0	0	0	0
086250;	0	0	0	0	0	0	0	0	0	0
040910;	0	0	0	0	0	0	0	0	0	0
023460;	0	0	0	0	0	0	0	0	0	0
173130;	0	0	0	0	0	0	0	0	0	0
006880;	0	0	0	0	0	0	0	0	0	0
085310;	0	0	0	0	0	0	0	0	0	0
127710;	0	0	0	0	0	0	0	0	0	0
263770;	0	0	0	0	0	0	0	0	0	0
319660;	0	0	0	0	0	0	0	0	0	0
038110;	0	0	0	0	0	0	0	0	0	0
094480;	0	0	0	0	0	0	0	0	0	0
036670;	0	0	0	0	0	0	0	0	0	0
054620;	0	0	0	0	0	0	0	0	0	0
069080;	0	0	0	0	0	0	0	0	0	0
084680;	0	0	0	0	0	0	0	0	0	0
290120;	0	0	0	0	0	0	0	0	0	0
033130;	0	0	0	0	0	0	0	0	0	0
048770;	0	0	0	0	0	0	0	0	0	0
054090;	0	0	0	0	0	0	0	0	0	0
033600;	0	0	0	0	0	0	0	0	0	0
222040;	0	0	0	0	0	0	0	0	0	0
091580;	0	0	0	0	0	0	0	0	0	0
036690;	0	0	0	0	0	0	0	0	0	0
016880;	0	0	0	0	0	0	0	0	0	0
069730;	0	0	0	0	0	0	0	0	0	0
005745;	0	0	0	0	0	0	0	0	0	0
204840;	0	0	0	0	0	0	0	0	0	0
264900;	0	0	0	0	0	0	0	0	0	0
26490K;	0	0	0	0	0	0	0	0	0	0
227610;	0	0	0	0	0	0	0	0	0	0
009180;	0	0	0	0	0	0	0	0	0	0
206560;	0	0	0	0	0	0	0	0	0	0
159580;	0	0	0	0	0	0	0	0	0	0
187870;	0	0	0	0	0	0	0	0	0	0
121850;	0	0	0	0	0	0	0	0	0	0
005390;	0	0	0	0	0	0	0	0	0	0
033340;	0	0	0	0	0	0	0	0	0	0
013360;	0	0	0	0	0	0	0	0	0	0
037950;	0	0	0	0	0	0	0	0	0	0
002870;	0	0	0	0	0	0	0	0	0	0
050860;	0	0	0	0	0	0	0	0	0	0
242040;	0	0	0	0	0	0	0	0	0	0
017810;	0	0	0	0	0	0	0	0	0	0
071280;	0	0	0	0	0	0	0	0	0	0
038060;	0	0	0	0	0	0	0	0	0	0
011150;	0	0	0	0	0	0	0	0	0	0
019990;	0	0	0	0	0	0	0	0	0	0
054670;	0	0	0	0	0	0	0	0	0	0
297570;	0	0	0	0	0	0	0	0	0	0
082850;	0	0	0	0	0	0	0	0	0	0
006910;	0	0	0	0	0	0	0	0	0	0
052860;	0	0	0	0	0	0	0	0	0	0
083650;	0	0	0	0	0	0	0	0	0	0
008700;	0	0	0	0	0	0	0	0	0	0
075130;	0	0	0	0	0	0	0	0	0	0
204990;	0	0	0	0	0	0	0	0	0	0
234300;	0	0	0	0	0	0	0	0	0	0
174880;	0	0	0	0	0	0	0	0	0	0
099410;	0	0	0	0	0	0	0	0	0	0
013000;	0	0	0	0	0	0	0	0	0	0
022220;	0	0	0	0	0	0	0	0	0	0
035200;	0	0	0	0	0	0	0	0	0	0
251630;	0	0	0	0	0	0	0	0	0	0
115440;	0	0	0	0	0	0	0	0	0	0
084870;	0	0	0	0	0	0	0	0	0	0
307930;	0	0	0	0	0	0	0	0	0	0
014280;	0	0	0	0	0	0	0	0	0	0
308100;	0	0	0	0	0	0	0	0	0	0
257730;	0	0	0	0	0	0	0	0	0	0
037460;	0	0	0	0	0	0	0	0	0	0
041520;	0	0	0	0	0	0	0	0	0	0
049550;	0	0	0	0	0	0	0	0	0	0
250930;	0	0	0	0	0	0	0	0	0	0
175140;	0	0	0	0	0	0	0	0	0	0
100090;	0	0	0	0	0	0	0	0	0	0
189860;	0	0	0	0	0	0	0	0	0	0
038680;	0	0	0	0	0	0	0	0	0	0
138690;	0	0	0	0	0	0	0	0	0	0
011420;	0	0	0	0	0	0	0	0	0	0
047560;	0	0	0	0	0	0	0	0	0	0
020180;	0	0	0	0	0	0	0	0	0	0
321260;	0	0	0	0	0	0	0	0	0	0
290740;	0	0	0	0	0	0	0	0	0	0
054450;	0	0	0	0	0	0	0	0	0	0
011160;	0	0	0	0	0	0	0	0	0	0
001520;	0	0	0	0	0	0	0	0	0	0
060720;	0	0	0	0	0	0	0	0	0	0
025820;	0	0	0	0	0	0	0	0	0	0
131220;	0	0	0	0	0	0	0	0	0	0
012860;	0	0	0	0	0	0	0	0	0	0
034220;	0	0	0	0	0	0	0	0	0	0
046970;	0	0	0	0	0	0	0	0	0	0
140670;	0	0	0	0	0	0	0	0	0	0
141070;	0	0	0	0	0	0	0	0	0	0
011810;	0	0	0	0	0	0	0	0	0	0
083500;	0	0	0	0	0	0	0	0	0	0
092600;	0	0	0	0	0	0	0	0	0	0
033430;	0	0	0	0	0	0	0	0	0	0
020760;	0	0	0	0	0	0	0	0	0	0
007820;	0	0	0	0	0	0	0	0	0	0
205500;	0	0	0	0	0	0	0	0	0	0
020120;	0	0	0	0	0	0	0	0	0	0
094170;	0	0	0	0	0	0	0	0	0	0
032620;	0	0	0	0	0	0	0	0	0	0
045970;	0	0	0	0	0	0	0	0	0	0
131760;	0	0	0	0	0	0	0	0	0	0
046310;	0	0	0	0	0	0	0	0	0	0
095910;	0	0	0	0	0	0	0	0	0	0
066910;	0	0	0	0	0	0	0	0	0	0
171090;	0	0	0	0	0	0	0	0	0	0
013570;	0	0	0	0	0	0	0	0	0	0
221610;	0	0	0	0	0	0	0	0	0	0
073010;	0	0	0	0	0	0	0	0	0	0
176440;	0	0	0	0	0	0	0	0	0	0
307180;	0	0	0	0	0	0	0	0	0	0
121600;	0	0	0	0	0	0	0	0	0	0
201490;	0	0	0	0	0	0	0	0	0	0
322780;	0	0	0	0	0	0	0	0	0	0
234100;	0	0	0	0	0	0	0	0	0	0
090460;	0	0	0	0	0	0	0	0	0	0
076610;	0	0	0	0	0	0	0	0	0	0
039830;	0	0	0	0	0	0	0	0	0	0
040160;	0	0	0	0	0	0	0	0	0	0
014190;	0	0	0	0	0	0	0	0	0	0
138580;	0	0	0	0	0	0	0	0	0	0
004980;	0	0	0	0	0	0	0	0	0	0
066590;	0	0	0	0	0	0	0	0	0	0
303030;	0	0	0	0	0	0	0	0	0	0
006340;	0	0	0	0	0	0	0	0	0	0
096640;	0	0	0	0	0	0	0	0	0	0
092780;	0	0	0	0	0	0	0	0	0	0
014130;	0	0	0	0	0	0	0	0	0	0
010770;	0	0	0	0	0	0	0	0	0	0
092200;	0	0	0	0	0	0	0	0	0	0
101330;	0	0	0	0	0	0	0	0	0	0
096690;	0	0	0	0	0	0	0	0	0	0
071670;	0	0	0	0	0	0	0	0	0	0
014530;	0	0	0	0	0	0	0	0	0	0
214420;	0	0	0	0	0	0	0	0	0	0
290380;	0	0	0	0	0	0	0	0	0	0
030190;	0	0	0	0	0	0	0	0	0	0
277070;	0	0	0	0	0	0	0	0	0	0
083930;	0	0	0	0	0	0	0	0	0	0
225650;	0	0	0	0	0	0	0	0	0	0
091440;	0	0	0	0	0	0	0	0	0	0
154040;	0	0	0	0	0	0	0	0	0	0
222420;	0	0	0	0	0	0	0	0	0	0
184230;	0	0	0	0	0	0	0	0	0	0
056360;	0	0	0	0	0	0	0	0	0	0
277480;	0	0	0	0	0	0	0	0	0	0
024900;	0	0	0	0	0	0	0	0	0	0
095660;	0	0	0	0	0	0	0	0	0	0
060540;	0	0	0	0	0	0	0	0	0	0
017550;	0	0	0	0	0	0	0	0	0	0
046940;	0	0	0	0	0	0	0	0	0	0
026150;	0	0	0	0	0	0	0	0	0	0
073640;	0	0	0	0	0	0	0	0	0	0
085370;	0	0	0	0	0	0	0	0	0	0
150900;	0	0	0	0	0	0	0	0	0	0
038340;	0	0	0	0	0	0	0	0	0	0
317320;	0	0	0	0	0	0	0	0	0	0
065170;	0	0	0	0	0	0	0	0	0	0
092300;	0	0	0	0	0	0	0	0	0	0
056090;	0	0	0	0	0	0	0	0	0	0
025320;	0	0	0	0	0	0	0	0	0	0
011700;	0	0	0	0	0	0	0	0	0	0
289080;	0	0	0	0	0	0	0	0	0	0
144620;	0	0	0	0	0	0	0	0	0	0
080470;	0	0	0	0	0	0	0	0	0	0
003720;	0	0	0	0	0	0	0	0	0	0
002785;	0	0	0	0	0	0	0	0	0	0
023800;	0	0	0	0	0	0	0	0	0	0
058450;	0	0	0	0	0	0	0	0	0	0
010100;	0	0	0	0	0	0	0	0	0	0
053700;	0	0	0	0	0	0	0	0	0	0
139670;	0	0	0	0	0	0	0	0	0	0
126640;	0	0	0	0	0	0	0	0	0	0
122350;	0	0	0	0	0	0	0	0	0	0
066110;	0	0	0	0	0	0	0	0	0	0
253840;	0	0	0	0	0	0	0	0	0	0
299170;	0	0	0	0	0	0	0	0	0	0
008290;	0	0	0	0	0	0	0	0	0	0
252670;	0	0	0	0	0	0	0	0	0	0
024800;	0	0	0	0	0	0	0	0	0	0
100660;	0	0	0	0	0	0	0	0	0	0
066310;	0	0	0	0	0	0	0	0	0	0
093380;	0	0	0	0	0	0	0	0	0	0
133820;	0	0	0	0	0	0	0	0	0	0
010240;	0	0	0	0	0	0	0	0	0	0
267260;	0	0	0	0	0	0	0	0	0	0
026940;	0	0	0	0	0	0	0	0	0	0
033500;	0	0	0	0	0	0	0	0	0	0
008260;	0	0	0	0	0	0	0	0	0	0
122900;	0	0	0	0	0	0	0	0	0	0
053290;	0	0	0	0	0	0	0	0	0	0
063440;	0	0	0	0	0	0	0	0	0	0
001780;	0	0	0	0	0	0	0	0	0	0
035290;	0	0	0	0	0	0	0	0	0	0
264290;	0	0	0	0	0	0	0	0	0	0
089980;	0	0	0	0	0	0	0	0	0	0
252500;	0	0	0	0	0	0	0	0	0	0
187220;	0	0	0	0	0	0	0	0	0	0
101490;	0	0	0	0	0	0	0	0	0	0
010580;	0	0	0	0	0	0	0	0	0	0
263800;	0	0	0	0	0	0	0	0	0	0
206640;	0	0	0	0	0	0	0	0	0	0
003540;	0	0	0	0	0	0	0	0	0	0
039310;	0	0	0	0	0	0	0	0	0	0
009160;	0	0	0	0	0	0	0	0	0	0
042500;	0	0	0	0	0	0	0	0	0	0
002787;	0	0	0	0	0	0	0	0	0	0
063170;	0	0	0	0	0	0	0	0	0	0
003010;	0	0	0	0	0	0	0	0	0	0
003410;	0	0	0	0	0	0	0	0	0	0
045510;	0	0	0	0	0	0	0	0	0	0
038500;	0	0	0	0	0	0	0	0	0	0
071970;	0	0	0	0	0	0	0	0	0	0
078590;	0	0	0	0	0	0	0	0	0	0
027710;	0	0	0	0	0	0	0	0	0	0
066360;	0	0	0	0	0	0	0	0	0	0
088910;	0	0	0	0	0	0	0	0	0	0
014200;	0	0	0	0	0	0	0	0	0	0
099340;	0	0	0	0	0	0	0	0	0	0
034020;	0	0	0	0	0	0	0	0	0	0
077970;	0	0	0	0	0	0	0	0	0	0
053450;	0	0	0	0	0	0	0	0	0	0
064510;	0	0	0	0	0	0	0	0	0	0
052460;	0	0	0	0	0	0	0	0	0	0
024950;	0	0	0	0	0	0	0	0	0	0
047080;	0	0	0	0	0	0	0	0	0	0
009410;	0	0	0	0	0	0	0	0	0	0
044780;	0	0	0	0	0	0	0	0	0	0
049470;	0	0	0	0	0	0	0	0	0	0
270870;	0	0	0	0	0	0	0	0	0	0
114190;	0	0	0	0	0	0	0	0	0	0
091970;	0	0	0	0	0	0	0	0	0	0
149950;	0	0	0	0	0	0	0	0	0	0
025880;	0	0	0	0	0	0	0	0	0	0
076080;	0	0	0	0	0	0	0	0	0	0
007210;	0	0	0	0	0	0	0	0	0	0
031980;	0	0	0	0	0	0	0	0	0	0
003160;	0	0	0	0	0	0	0	0	0	0
035150;	0	0	0	0	0	0	0	0	0	0
019180;	0	0	0	0	0	0	0	0	0	0
082270;	0	0	0	0	0	0	0	0	0	0
043370;	0	0	0	0	0	0	0	0	0	0
119830;	0	0	0	0	0	0	0	0	0	0
037030;	0	0	0	0	0	0	0	0	0	0
128660;	0	0	0	0	0	0	0	0	0	0
160550;	0	0	0	0	0	0	0	0	0	0
001620;	0	0	0	0	0	0	0	0	0	0
148250;	0	0	0	0	0	0	0	0	0	0
204480;	0	0	0	0	0	0	0	0	0	0
155660;	0	0	0	0	0	0	0	0	0	0
001340;	0	0	0	0	0	0	0	0	0	0
068290;	0	0	0	0	0	0	0	0	0	0
090740;	0	0	0	0	0	0	0	0	0	0
049070;	0	0	0	0	0	0	0	0	0	0
004710;	0	0	0	0	0	0	0	0	0	0
072990;	0	0	0	0	0	0	0	0	0	0
099520;	0	0	0	0	0	0	0	0	0	0
046110;	0	0	0	0	0	0	0	0	0	0
039980;	0	0	0	0	0	0	0	0	0	0
012030;	0	0	0	0	0	0	0	0	0	0
101160;	0	0	0	0	0	0	0	0	0	0
117730;	0	0	0	0	0	0	0	0	0	0
001290;	0	0	0	0	0	0	0	0	0	0
299900;	0	0	0	0	0	0	0	0	0	0
093240;	0	0	0	0	0	0	0	0	0	0
077500;	0	0	0	0	0	0	0	0	0	0
013990;	0	0	0	0	0	0	0	0	0	0
214330;	0	0	0	0	0	0	0	0	0	0
004985;	0	0	0	0	0	0	0	0	0	0
003415;	0	0	0	0	0	0	0	0	0	0
079650;	0	0	0	0	0	0	0	0	0	0
187420;	0	0	0	0	0	0	0	0	0	0
001740;	0	0	0	0	0	0	0	0	0	0
078600;	0	0	0	0	0	0	0	0	0	0
015710;	0	0	0	0	0	0	0	0	0	0
306620;	0	0	0	0	0	0	0	0	0	0
083550;	0	0	0	0	0	0	0	0	0	0
262830;	0	0	0	0	0	0	0	0	0	0
148140;	0	0	0	0	0	0	0	0	0	0
263860;	0	0	0	0	0	0	0	0	0	0
279410;	0	0	0	0	0	0	0	0	0	0
138610;	0	0	0	0	0	0	0	0	0	0
214390;	0	0	0	0	0	0	0	0	0	0
045060;	0	0	0	0	0	0	0	0	0	0
065510;	0	0	0	0	0	0	0	0	0	0
036480;	0	0	0	0	0	0	0	0	0	0
072020;	0	0	0	0	0	0	0	0	0	0
121890;	0	0	0	0	0	0	0	0	0	0
003000;	0	0	0	0	0	0	0	0	0	0
011000;	0	0	0	0	0	0	0	0	0	0
031310;	0	0	0	0	0	0	0	0	0	0
091340;	0	0	0	0	0	0	0	0	0	0
