004310;	0	0	0	0	0	0	0	0	0	0
065450;	0	0	0	0	0	0	0	0	0	0
008040;	0	0	0	0	0	0	0	0	0	0
267850;	0	0	0	0	0	0	0	0	0	0
005110;	0	0	0	0	0	0	0	0	0	0
025980;	0	0	0	0	0	0	0	0	0	0
054780;	0	0	0	0	0	0	0	0	0	0
020560;	0	0	0	0	0	0	0	0	0	0
054300;	0	0	0	0	0	0	0	0	0	0
298690;	0	0	0	0	0	0	0	0	0	0
007460;	0	0	0	0	0	0	0	0	0	0
900100;	0	0	0	0	0	0	0	0	0	0
090710;	0	0	0	0	0	0	0	0	0	0
005860;	0	0	0	0	0	0	0	0	0	0
058820;	0	0	0	0	0	0	0	0	0	0
111870;	0	0	0	0	0	0	0	0	0	0
104480;	0	0	0	0	0	0	0	0	0	0
246710;	0	0	0	0	0	0	0	0	0	0
158310;	0	0	0	0	0	0	0	0	0	0
089970;	0	0	0	0	0	0	0	0	0	0
128820;	0	0	0	0	0	0	0	0	0	0
008350;	0	0	0	0	0	0	0	0	0	0
025870;	0	0	0	0	0	0	0	0	0	0
006890;	0	0	0	0	0	0	0	0	0	0
033250;	0	0	0	0	0	0	0	0	0	0
950160;	0	0	0	0	0	0	0	0	0	0
056700;	0	0	0	0	0	0	0	0	0	0
073560;	0	0	0	0	0	0	0	0	0	0
009460;	0	0	0	0	0	0	0	0	0	0
060480;	0	0	0	0	0	0	0	0	0	0
123410;	0	0	0	0	0	0	0	0	0	0
230240;	0	0	0	0	0	0	0	0	0	0
060150;	0	0	0	0	0	0	0	0	0	0
057030;	0	0	0	0	0	0	0	0	0	0
033830;	0	0	0	0	0	0	0	0	0	0
047310;	0	0	0	0	0	0	0	0	0	0
179290;	0	0	0	0	0	0	0	0	0	0
091700;	0	0	0	0	0	0	0	0	0	0
002760;	0	0	0	0	0	0	0	0	0	0
263690;	0	0	0	0	0	0	0	0	0	0
100030;	0	0	0	0	0	0	0	0	0	0
215100;	0	0	0	0	0	0	0	0	0	0
033290;	0	0	0	0	0	0	0	0	0	0
067990;	0	0	0	0	0	0	0	0	0	0
043260;	0	0	0	0	0	0	0	0	0	0
900270;	0	0	0	0	0	0	0	0	0	0
150840;	0	0	0	0	0	0	0	0	0	0
267790;	0	0	0	0	0	0	0	0	0	0
052600;	0	0	0	0	0	0	0	0	0	0
064240;	0	0	0	0	0	0	0	0	0	0
006980;	0	0	0	0	0	0	0	0	0	0
024740;	0	0	0	0	0	0	0	0	0	0
053590;	0	0	0	0	0	0	0	0	0	0
065440;	0	0	0	0	0	0	0	0	0	0
900250;	0	0	0	0	0	0	0	0	0	0
178780;	0	0	0	0	0	0	0	0	0	0
032800;	0	0	0	0	0	0	0	0	0	0
067570;	0	0	0	0	0	0	0	0	0	0
097780;	0	0	0	0	0	0	0	0	0	0
111710;	0	0	0	0	0	0	0	0	0	0
193250;	0	0	0	0	0	0	0	0	0	0
065130;	0	0	0	0	0	0	0	0	0	0
222810;	0	0	0	0	0	0	0	0	0	0
058610;	0	0	0	0	0	0	0	0	0	0
026890;	0	0	0	0	0	0	0	0	0	0
205100;	0	0	0	0	0	0	0	0	0	0
900340;	0	0	0	0	0	0	0	0	0	0
900260;	0	0	0	0	0	0	0	0	0	0
041190;	0	0	0	0	0	0	0	0	0	0
000890;	0	0	0	0	0	0	0	0	0	0
114570;	0	0	0	0	0	0	0	0	0	0
100590;	0	0	0	0	0	0	0	0	0	0
029960;	0	0	0	0	0	0	0	0	0	0
012610;	0	0	0	0	0	0	0	0	0	0
038620;	0	0	0	0	0	0	0	0	0	0
900280;	0	0	0	0	0	0	0	0	0	0
057880;	0	0	0	0	0	0	0	0	0	0
900310;	0	0	0	0	0	0	0	0	0	0
009320;	0	0	0	0	0	0	0	0	0	0
064090;	0	0	0	0	0	0	0	0	0	0
010170;	0	0	0	0	0	0	0	0	0	0
050890;	0	0	0	0	0	0	0	0	0	0
002700;	0	0	0	0	0	0	0	0	0	0
015890;	0	0	0	0	0	0	0	0	0	0
900300;	0	0	0	0	0	0	0	0	0	0
082210;	0	0	0	0	0	0	0	0	0	0
102280;	0	0	0	0	0	0	0	0	0	0
014470;	0	0	0	0	0	0	0	0	0	0
058530;	0	0	0	0	0	0	0	0	0	0
050960;	0	0	0	0	0	0	0	0	0	0
050110;	0	0	0	0	0	0	0	0	0	0
052420;	0	0	0	0	0	0	0	0	0	0
256630;	0	0	0	0	0	0	0	0	0	0
095190;	0	0	0	0	0	0	0	0	0	0
055490;	0	0	0	0	0	0	0	0	0	0
126700;	0	0	0	0	0	0	0	0	0	0
239340;	0	0	0	0	0	0	0	0	0	0
219550;	0	0	0	0	0	0	0	0	0	0
047920;	0	0	0	0	0	0	0	0	0	0
018620;	0	0	0	0	0	0	0	0	0	0
052670;	0	0	0	0	0	0	0	0	0	0
051160;	0	0	0	0	0	0	0	0	0	0
005070;	0	0	0	0	0	0	0	0	0	0
033640;	0	0	0	0	0	0	0	0	0	0
011280;	0	0	0	0	0	0	0	0	0	0
126870;	0	0	0	0	0	0	0	0	0	0
057540;	0	0	0	0	0	0	0	0	0	0
139050;	0	0	0	0	0	0	0	0	0	0
214150;	0	0	0	0	0	0	0	0	0	0
009680;	0	0	0	0	0	0	0	0	0	0
008060;	0	0	0	0	0	0	0	0	0	0
028040;	0	0	0	0	0	0	0	0	0	0
217620;	0	0	0	0	0	0	0	0	0	0
023600;	0	0	0	0	0	0	0	0	0	0
018880;	0	0	0	0	0	0	0	0	0	0
033110;	0	0	0	0	0	0	0	0	0	0
045890;	0	0	0	0	0	0	0	0	0	0
002360;	0	0	0	0	0	0	0	0	0	0
072520;	0	0	0	0	0	0	0	0	0	0
208640;	0	0	0	0	0	0	0	0	0	0
002990;	0	0	0	0	0	0	0	0	0	0
060250;	0	0	0	0	0	0	0	0	0	0
085670;	0	0	0	0	0	0	0	0	0	0
060560;	0	0	0	0	0	0	0	0	0	0
007630;	0	0	0	0	0	0	0	0	0	0
027360;	0	0	0	0	0	0	0	0	0	0
005290;	0	0	0	0	0	0	0	0	0	0
110990;	0	0	0	0	0	0	0	0	0	0
084370;	0	0	0	0	0	0	0	0	0	0
016740;	0	0	0	0	0	0	0	0	0	0
010690;	0	0	0	0	0	0	0	0	0	0
220630;	0	0	0	0	0	0	0	0	0	0
036810;	0	0	0	0	0	0	0	0	0	0
100790;	0	0	0	0	0	0	0	0	0	0
091810;	0	0	0	0	0	0	0	0	0	0
005940;	0	0	0	0	0	0	0	0	0	0
004870;	0	0	0	0	0	0	0	0	0	0
066410;	0	0	0	0	0	0	0	0	0	0
078650;	0	0	0	0	0	0	0	0	0	0
117670;	0	0	0	0	0	0	0	0	0	0
039230;	0	0	0	0	0	0	0	0	0	0
036200;	0	0	0	0	0	0	0	0	0	0
046120;	0	0	0	0	0	0	0	0	0	0
214870;	0	0	0	0	0	0	0	0	0	0
226340;	0	0	0	0	0	0	0	0	0	0
170030;	0	0	0	0	0	0	0	0	0	0
088800;	0	0	0	0	0	0	0	0	0	0
059120;	0	0	0	0	0	0	0	0	0	0
018000;	0	0	0	0	0	0	0	0	0	0
019210;	0	0	0	0	0	0	0	0	0	0
032350;	0	0	0	0	0	0	0	0	0	0
065770;	0	0	0	0	0	0	0	0	0	0
067390;	0	0	0	0	0	0	0	0	0	0
226440;	0	0	0	0	0	0	0	0	0	0
032680;	0	0	0	0	0	0	0	0	0	0
053660;	0	0	0	0	0	0	0	0	0	0
043220;	0	0	0	0	0	0	0	0	0	0
036180;	0	0	0	0	0	0	0	0	0	0
042040;	0	0	0	0	0	0	0	0	0	0
182360;	0	0	0	0	0	0	0	0	0	0
009730;	0	0	0	0	0	0	0	0	0	0
097800;	0	0	0	0	0	0	0	0	0	0
002150;	0	0	0	0	0	0	0	0	0	0
089230;	0	0	0	0	0	0	0	0	0	0
090150;	0	0	0	0	0	0	0	0	0	0
049080;	0	0	0	0	0	0	0	0	0	0
226350;	0	0	0	0	0	0	0	0	0	0
094360;	0	0	0	0	0	0	0	0	0	0
087260;	0	0	0	0	0	0	0	0	0	0
082800;	0	0	0	0	0	0	0	0	0	0
090370;	0	0	0	0	0	0	0	0	0	0
004140;	0	0	0	0	0	0	0	0	0	0
045390;	0	0	0	0	0	0	0	0	0	0
053270;	0	0	0	0	0	0	0	0	0	0
031820;	0	0	0	0	0	0	0	0	0	0
161570;	0	0	0	0	0	0	0	0	0	0
033180;	0	0	0	0	0	0	0	0	0	0
277410;	0	0	0	0	0	0	0	0	0	0
245620;	0	0	0	0	0	0	0	0	0	0
065530;	0	0	0	0	0	0	0	0	0	0
080440;	0	0	0	0	0	0	0	0	0	0
099440;	0	0	0	0	0	0	0	0	0	0
035620;	0	0	0	0	0	0	0	0	0	0
215480;	0	0	0	0	0	0	0	0	0	0
066130;	0	0	0	0	0	0	0	0	0	0
002210;	0	0	0	0	0	0	0	0	0	0
002100;	0	0	0	0	0	0	0	0	0	0
109740;	0	0	0	0	0	0	0	0	0	0
041930;	0	0	0	0	0	0	0	0	0	0
002710;	0	0	0	0	0	0	0	0	0	0
049180;	0	0	0	0	0	0	0	0	0	0
002450;	0	0	0	0	0	0	0	0	0	0
091590;	0	0	0	0	0	0	0	0	0	0
013310;	0	0	0	0	0	0	0	0	0	0
065950;	0	0	0	0	0	0	0	0	0	0
197210;	0	0	0	0	0	0	0	0	0	0
123040;	0	0	0	0	0	0	0	0	0	0
041020;	0	0	0	0	0	0	0	0	0	0
052900;	0	0	0	0	0	0	0	0	0	0
099220;	0	0	0	0	0	0	0	0	0	0
226360;	0	0	0	0	0	0	0	0	0	0
101140;	0	0	0	0	0	0	0	0	0	0
215090;	0	0	0	0	0	0	0	0	0	0
219750;	0	0	0	0	0	0	0	0	0	0
050760;	0	0	0	0	0	0	0	0	0	0
066900;	0	0	0	0	0	0	0	0	0	0
154030;	0	0	0	0	0	0	0	0	0	0
009270;	0	0	0	0	0	0	0	0	0	0
006050;	0	0	0	0	0	0	0	0	0	0
003560;	0	0	0	0	0	0	0	0	0	0
086060;	0	0	0	0	0	0	0	0	0	0
125210;	0	0	0	0	0	0	0	0	0	0
049630;	0	0	0	0	0	0	0	0	0	0
208370;	0	0	0	0	0	0	0	0	0	0
064800;	0	0	0	0	0	0	0	0	0	0
030350;	0	0	0	0	0	0	0	0	0	0
110020;	0	0	0	0	0	0	0	0	0	0
088290;	0	0	0	0	0	0	0	0	0	0
053110;	0	0	0	0	0	0	0	0	0	0
017180;	0	0	0	0	0	0	0	0	0	0
036120;	0	0	0	0	0	0	0	0	0	0
106240;	0	0	0	0	0	0	0	0	0	0
035600;	0	0	0	0	0	0	0	0	0	0
214680;	0	0	0	0	0	0	0	0	0	0
217190;	0	0	0	0	0	0	0	0	0	0
089010;	0	0	0	0	0	0	0	0	0	0
123570;	0	0	0	0	0	0	0	0	0	0
012160;	0	0	0	0	0	0	0	0	0	0
187790;	0	0	0	0	0	0	0	0	0	0
126880;	0	0	0	0	0	0	0	0	0	0
214270;	0	0	0	0	0	0	0	0	0	0
030790;	0	0	0	0	0	0	0	0	0	0
153710;	0	0	0	0	0	0	0	0	0	0
044960;	0	0	0	0	0	0	0	0	0	0
043200;	0	0	0	0	0	0	0	0	0	0
061970;	0	0	0	0	0	0	0	0	0	0
048410;	0	0	0	0	0	0	0	0	0	0
102120;	0	0	0	0	0	0	0	0	0	0
007110;	0	0	0	0	0	0	0	0	0	0
035810;	0	0	0	0	0	0	0	0	0	0
039740;	0	0	0	0	0	0	0	0	0	0
014580;	0	0	0	0	0	0	0	0	0	0
136480;	0	0	0	0	0	0	0	0	0	0
054630;	0	0	0	0	0	0	0	0	0	0
078150;	0	0	0	0	0	0	0	0	0	0
072130;	0	0	0	0	0	0	0	0	0	0
208140;	0	0	0	0	0	0	0	0	0	0
101390;	0	0	0	0	0	0	0	0	0	0
141020;	0	0	0	0	0	0	0	0	0	0
078130;	0	0	0	0	0	0	0	0	0	0
071950;	0	0	0	0	0	0	0	0	0	0
151860;	0	0	0	0	0	0	0	0	0	0
003310;	0	0	0	0	0	0	0	0	0	0
032790;	0	0	0	0	0	0	0	0	0	0
238120;	0	0	0	0	0	0	0	0	0	0
218150;	0	0	0	0	0	0	0	0	0	0
182690;	0	0	0	0	0	0	0	0	0	0
168330;	0	0	0	0	0	0	0	0	0	0
096610;	0	0	0	0	0	0	0	0	0	0
047820;	0	0	0	0	0	0	0	0	0	0
032640;	0	0	0	0	0	0	0	0	0	0
044480;	0	0	0	0	0	0	0	0	0	0
019170;	0	0	0	0	0	0	0	0	0	0
005690;	0	0	0	0	0	0	0	0	0	0
130740;	0	0	0	0	0	0	0	0	0	0
217330;	0	0	0	0	0	0	0	0	0	0
006490;	0	0	0	0	0	0	0	0	0	0
014160;	0	0	0	0	0	0	0	0	0	0
046390;	0	0	0	0	0	0	0	0	0	0
206650;	0	0	0	0	0	0	0	0	0	0
136540;	0	0	0	0	0	0	0	0	0	0
039670;	0	0	0	0	0	0	0	0	0	0
074430;	0	0	0	0	0	0	0	0	0	0
053980;	0	0	0	0	0	0	0	0	0	0
028050;	0	0	0	0	0	0	0	0	0	0
035460;	0	0	0	0	0	0	0	0	0	0
316140;	0	0	0	0	0	0	0	0	0	0
024060;	0	0	0	0	0	0	0	0	0	0
060570;	0	0	0	0	0	0	0	0	0	0
051360;	0	0	0	0	0	0	0	0	0	0
041140;	0	0	0	0	0	0	0	0	0	0
084650;	0	0	0	0	0	0	0	0	0	0
027580;	0	0	0	0	0	0	0	0	0	0
051980;	0	0	0	0	0	0	0	0	0	0
080520;	0	0	0	0	0	0	0	0	0	0
091120;	0	0	0	0	0	0	0	0	0	0
053030;	0	0	0	0	0	0	0	0	0	0
000990;	0	0	0	0	0	0	0	0	0	0
025750;	0	0	0	0	0	0	0	0	0	0
250060;	0	0	0	0	0	0	0	0	0	0
089030;	0	0	0	0	0	0	0	0	0	0
007390;	0	0	0	0	0	0	0	0	0	0
049480;	0	0	0	0	0	0	0	0	0	0
027830;	0	0	0	0	0	0	0	0	0	0
089150;	0	0	0	0	0	0	0	0	0	0
225430;	0	0	0	0	0	0	0	0	0	0
192250;	0	0	0	0	0	0	0	0	0	0
027040;	0	0	0	0	0	0	0	0	0	0
121800;	0	0	0	0	0	0	0	0	0	0
012600;	0	0	0	0	0	0	0	0	0	0
021080;	0	0	0	0	0	0	0	0	0	0
025620;	0	0	0	0	0	0	0	0	0	0
063570;	0	0	0	0	0	0	0	0	0	0
036090;	0	0	0	0	0	0	0	0	0	0
060300;	0	0	0	0	0	0	0	0	0	0
021040;	0	0	0	0	0	0	0	0	0	0
040350;	0	0	0	0	0	0	0	0	0	0
065060;	0	0	0	0	0	0	0	0	0	0
037330;	0	0	0	0	0	0	0	0	0	0
034230;	0	0	0	0	0	0	0	0	0	0
067730;	0	0	0	0	0	0	0	0	0	0
016100;	0	0	0	0	0	0	0	0	0	0
011090;	0	0	0	0	0	0	0	0	0	0
131090;	0	0	0	0	0	0	0	0	0	0
036620;	0	0	0	0	0	0	0	0	0	0
196490;	0	0	0	0	0	0	0	0	0	0
078520;	0	0	0	0	0	0	0	0	0	0
000680;	0	0	0	0	0	0	0	0	0	0
004770;	0	0	0	0	0	0	0	0	0	0
042940;	0	0	0	0	0	0	0	0	0	0
005420;	0	0	0	0	0	0	0	0	0	0
042510;	0	0	0	0	0	0	0	0	0	0
023440;	0	0	0	0	0	0	0	0	0	0
073540;	0	0	0	0	0	0	0	0	0	0
205470;	0	0	0	0	0	0	0	0	0	0
089790;	0	0	0	0	0	0	0	0	0	0
051370;	0	0	0	0	0	0	0	0	0	0
088980;	0	0	0	0	0	0	0	0	0	0
160980;	0	0	0	0	0	0	0	0	0	0
192650;	0	0	0	0	0	0	0	0	0	0
122990;	0	0	0	0	0	0	0	0	0	0
225570;	0	0	0	0	0	0	0	0	0	0
215380;	0	0	0	0	0	0	0	0	0	0
001210;	0	0	0	0	0	0	0	0	0	0
072950;	0	0	0	0	0	0	0	0	0	0
036930;	0	0	0	0	0	0	0	0	0	0
177830;	0	0	0	0	0	0	0	0	0	0
108490;	0	0	0	0	0	0	0	0	0	0
098120;	0	0	0	0	0	0	0	0	0	0
095610;	0	0	0	0	0	0	0	0	0	0
108230;	0	0	0	0	0	0	0	0	0	0
950130;	0	0	0	0	0	0	0	0	0	0
115160;	0	0	0	0	0	0	0	0	0	0
036540;	0	0	0	0	0	0	0	0	0	0
016380;	0	0	0	0	0	0	0	0	0	0
002720;	0	0	0	0	0	0	0	0	0	0
095720;	0	0	0	0	0	0	0	0	0	0
002800;	0	0	0	0	0	0	0	0	0	0
031860;	0	0	0	0	0	0	0	0	0	0
036260;	0	0	0	0	0	0	0	0	0	0
241790;	0	0	0	0	0	0	0	0	0	0
200470;	0	0	0	0	0	0	0	0	0	0
022100;	0	0	0	0	0	0	0	0	0	0
007720;	0	0	0	0	0	0	0	0	0	0
007280;	0	0	0	0	0	0	0	0	0	0
011930;	0	0	0	0	0	0	0	0	0	0
114120;	0	0	0	0	0	0	0	0	0	0
039440;	0	0	0	0	0	0	0	0	0	0
217500;	0	0	0	0	0	0	0	0	0	0
017900;	0	0	0	0	0	0	0	0	0	0
037230;	0	0	0	0	0	0	0	0	0	0
008970;	0	0	0	0	0	0	0	0	0	0
023410;	0	0	0	0	0	0	0	0	0	0
119650;	0	0	0	0	0	0	0	0	0	0
181340;	0	0	0	0	0	0	0	0	0	0
003060;	0	0	0	0	0	0	0	0	0	0
078890;	0	0	0	0	0	0	0	0	0	0
141000;	0	0	0	0	0	0	0	0	0	0
011330;	0	0	0	0	0	0	0	0	0	0
227950;	0	0	0	0	0	0	0	0	0	0
010600;	0	0	0	0	0	0	0	0	0	0
006060;	0	0	0	0	0	0	0	0	0	0
002880;	0	0	0	0	0	0	0	0	0	0
142760;	0	0	0	0	0	0	0	0	0	0
109960;	0	0	0	0	0	0	0	0	0	0
142210;	0	0	0	0	0	0	0	0	0	0
008420;	0	0	0	0	0	0	0	0	0	0
102710;	0	0	0	0	0	0	0	0	0	0
095340;	0	0	0	0	0	0	0	0	0	0
241590;	0	0	0	0	0	0	0	0	0	0
001840;	0	0	0	0	0	0	0	0	0	0
043910;	0	0	0	0	0	0	0	0	0	0
196700;	0	0	0	0	0	0	0	0	0	0
083640;	0	0	0	0	0	0	0	0	0	0
131180;	0	0	0	0	0	0	0	0	0	0
014970;	0	0	0	0	0	0	0	0	0	0
035890;	0	0	0	0	0	0	0	0	0	0
140520;	0	0	0	0	0	0	0	0	0	0
081150;	0	0	0	0	0	0	0	0	0	0
070960;	0	0	0	0	0	0	0	0	0	0
010040;	0	0	0	0	0	0	0	0	0	0
032820;	0	0	0	0	0	0	0	0	0	0
009520;	0	0	0	0	0	0	0	0	0	0
101670;	0	0	0	0	0	0	0	0	0	0
166480;	0	0	0	0	0	0	0	0	0	0
005740;	0	0	0	0	0	0	0	0	0	0
078140;	0	0	0	0	0	0	0	0	0	0
002900;	0	0	0	0	0	0	0	0	0	0
067630;	0	0	0	0	0	0	0	0	0	0
143540;	0	0	0	0	0	0	0	0	0	0
064550;	0	0	0	0	0	0	0	0	0	0
016670;	0	0	0	0	0	0	0	0	0	0
003850;	0	0	0	0	0	0	0	0	0	0
012280;	0	0	0	0	0	0	0	0	0	0
001440;	0	0	0	0	0	0	0	0	0	0
204620;	0	0	0	0	0	0	0	0	0	0
042110;	0	0	0	0	0	0	0	0	0	0
003780;	0	0	0	0	0	0	0	0	0	0
090080;	0	0	0	0	0	0	0	0	0	0
127120;	0	0	0	0	0	0	0	0	0	0
208350;	0	0	0	0	0	0	0	0	0	0
090410;	0	0	0	0	0	0	0	0	0	0
042670;	0	0	0	0	0	0	0	0	0	0
024110;	0	0	0	0	0	0	0	0	0	0
104040;	0	0	0	0	0	0	0	0	0	0
073070;	0	0	0	0	0	0	0	0	0	0
113810;	0	0	0	0	0	0	0	0	0	0
105740;	0	0	0	0	0	0	0	0	0	0
038880;	0	0	0	0	0	0	0	0	0	0
208710;	0	0	0	0	0	0	0	0	0	0
109820;	0	0	0	0	0	0	0	0	0	0
217600;	0	0	0	0	0	0	0	0	0	0
018290;	0	0	0	0	0	0	0	0	0	0
213500;	0	0	0	0	0	0	0	0	0	0
033050;	0	0	0	0	0	0	0	0	0	0
127160;	0	0	0	0	0	0	0	0	0	0
043340;	0	0	0	0	0	0	0	0	0	0
061040;	0	0	0	0	0	0	0	0	0	0
004380;	0	0	0	0	0	0	0	0	0	0
056080;	0	0	0	0	0	0	0	0	0	0
011560;	0	0	0	0	0	0	0	0	0	0
170920;	0	0	0	0	0	0	0	0	0	0
024880;	0	0	0	0	0	0	0	0	0	0
060260;	0	0	0	0	0	0	0	0	0	0
269620;	0	0	0	0	0	0	0	0	0	0
057680;	0	0	0	0	0	0	0	0	0	0
051390;	0	0	0	0	0	0	0	0	0	0
095570;	0	0	0	0	0	0	0	0	0	0
105840;	0	0	0	0	0	0	0	0	0	0
233740;	0	0	0	0	0	0	0	0	0	0
198440;	0	0	0	0	0	0	0	0	0	0
014990;	0	0	0	0	0	0	0	0	0	0
072770;	0	0	0	0	0	0	0	0	0	0
011320;	0	0	0	0	0	0	0	0	0	0
007660;	0	0	0	0	0	0	0	0	0	0
033170;	0	0	0	0	0	0	0	0	0	0
200230;	0	0	0	0	0	0	0	0	0	0
068240;	0	0	0	0	0	0	0	0	0	0
009070;	0	0	0	0	0	0	0	0	0	0
166090;	0	0	0	0	0	0	0	0	0	0
037070;	0	0	0	0	0	0	0	0	0	0
122640;	0	0	0	0	0	0	0	0	0	0
008470;	0	0	0	0	0	0	0	0	0	0
